0 info it worked if it ends with ok
1 verbose cli [ '/usr/local/bin/node',
1 verbose cli   '/usr/local/bin/npm',
1 verbose cli   'install',
1 verbose cli   'jasmine-node',
1 verbose cli   '-g' ]
2 info using npm@2.15.9
3 info using node@v4.6.0
4 verbose install initial load of /usr/local/lib/package.json
5 verbose readDependencies loading dependencies from /usr/local/lib/package.json
6 silly cache add args [ 'jasmine-node', null ]
7 verbose cache add spec jasmine-node
8 silly cache add parsed spec Result {
8 silly cache add   raw: 'jasmine-node',
8 silly cache add   scope: null,
8 silly cache add   name: 'jasmine-node',
8 silly cache add   rawSpec: '',
8 silly cache add   spec: 'latest',
8 silly cache add   type: 'tag' }
9 silly addNamed jasmine-node@latest
10 verbose addNamed "latest" is being treated as a dist-tag for jasmine-node
11 info addNameTag [ 'jasmine-node', 'latest' ]
12 silly mapToRegistry name jasmine-node
13 silly mapToRegistry using default registry
14 silly mapToRegistry registry https://registry.npmjs.org/
15 silly mapToRegistry data Result {
15 silly mapToRegistry   raw: 'jasmine-node',
15 silly mapToRegistry   scope: null,
15 silly mapToRegistry   name: 'jasmine-node',
15 silly mapToRegistry   rawSpec: '',
15 silly mapToRegistry   spec: 'latest',
15 silly mapToRegistry   type: 'tag' }
16 silly mapToRegistry uri https://registry.npmjs.org/jasmine-node
17 verbose addNameTag registry:https://registry.npmjs.org/jasmine-node not in flight; fetching
18 verbose request uri https://registry.npmjs.org/jasmine-node
19 verbose request no auth needed
20 info attempt registry request try #1 at 16:47:10
21 verbose request id 7f55a0c9115f7e36
22 verbose etag "8FFI990RIBSVGS92AYEV0OV27"
23 http request GET https://registry.npmjs.org/jasmine-node
24 http 304 https://registry.npmjs.org/jasmine-node
25 verbose headers { date: 'Thu, 06 Oct 2016 14:47:11 GMT',
25 verbose headers   via: '1.1 varnish',
25 verbose headers   'cache-control': 'max-age=300',
25 verbose headers   etag: '"8FFI990RIBSVGS92AYEV0OV27"',
25 verbose headers   age: '9',
25 verbose headers   connection: 'keep-alive',
25 verbose headers   'x-served-by': 'cache-lhr6324-LHR',
25 verbose headers   'x-cache': 'HIT',
25 verbose headers   'x-cache-hits': '1',
25 verbose headers   'x-timer': 'S1475765231.047495,VS0,VE0',
25 verbose headers   vary: 'Accept-Encoding' }
26 silly get cb [ 304,
26 silly get   { date: 'Thu, 06 Oct 2016 14:47:11 GMT',
26 silly get     via: '1.1 varnish',
26 silly get     'cache-control': 'max-age=300',
26 silly get     etag: '"8FFI990RIBSVGS92AYEV0OV27"',
26 silly get     age: '9',
26 silly get     connection: 'keep-alive',
26 silly get     'x-served-by': 'cache-lhr6324-LHR',
26 silly get     'x-cache': 'HIT',
26 silly get     'x-cache-hits': '1',
26 silly get     'x-timer': 'S1475765231.047495,VS0,VE0',
26 silly get     vary: 'Accept-Encoding' } ]
27 verbose etag https://registry.npmjs.org/jasmine-node from cache
28 verbose get saving jasmine-node to /Users/Juan/.npm/registry.npmjs.org/jasmine-node/.cache.json
29 verbose correctMkdir /Users/Juan/.npm correctMkdir not in flight; initializing
30 silly addNameTag next cb for jasmine-node with tag latest
31 silly addNamed jasmine-node@1.14.5
32 verbose addNamed "1.14.5" is a plain semver version for jasmine-node
33 silly cache afterAdd jasmine-node@1.14.5
34 verbose afterAdd /Users/Juan/.npm/jasmine-node/1.14.5/package/package.json not in flight; writing
35 verbose correctMkdir /Users/Juan/.npm correctMkdir not in flight; initializing
36 verbose afterAdd /Users/Juan/.npm/jasmine-node/1.14.5/package/package.json written
37 silly install resolved [ { name: 'jasmine-node',
37 silly install resolved     version: '1.14.5',
37 silly install resolved     description: 'DOM-less simple JavaScript BDD testing framework for Node',
37 silly install resolved     contributors: [ [Object] ],
37 silly install resolved     homepage: 'https://github.com/mhevery/jasmine-node',
37 silly install resolved     repository:
37 silly install resolved      { type: 'git',
37 silly install resolved        url: 'git+https://github.com/mhevery/jasmine-node.git' },
37 silly install resolved     keywords: [ 'testing', 'bdd' ],
37 silly install resolved     author: { name: 'Misko Hevery', email: 'misko@hevery.com' },
37 silly install resolved     maintainers: [ [Object], [Object] ],
37 silly install resolved     licenses: [ 'MIT' ],
37 silly install resolved     dependencies:
37 silly install resolved      { 'coffee-script': '>=1.0.1',
37 silly install resolved        'jasmine-reporters': '~1.0.0',
37 silly install resolved        'jasmine-growl-reporter': '~0.0.2',
37 silly install resolved        requirejs: '>=0.27.1',
37 silly install resolved        walkdir: '>= 0.0.1',
37 silly install resolved        underscore: '>= 1.3.1',
37 silly install resolved        gaze: '~0.3.2',
37 silly install resolved        mkdirp: '~0.3.5' },
37 silly install resolved     bin: { 'jasmine-node': 'bin/jasmine-node' },
37 silly install resolved     preferGlobal: true,
37 silly install resolved     main: 'lib/jasmine-node',
37 silly install resolved     scripts: { test: 'node lib/jasmine-node/cli.js spec' },
37 silly install resolved     devDependencies: {},
37 silly install resolved     bugs: { url: 'https://github.com/mhevery/jasmine-node/issues' },
37 silly install resolved     _id: 'jasmine-node@1.14.5',
37 silly install resolved     _shasum: '18e8397b856924ee77003666c3731b5aea50c39d',
37 silly install resolved     _from: 'jasmine-node@latest',
37 silly install resolved     _npmVersion: '1.4.9',
37 silly install resolved     _npmUser: { name: 'tebriel', email: 'tebriel@gmail.com' },
37 silly install resolved     dist:
37 silly install resolved      { shasum: '18e8397b856924ee77003666c3731b5aea50c39d',
37 silly install resolved        tarball: 'https://registry.npmjs.org/jasmine-node/-/jasmine-node-1.14.5.tgz' },
37 silly install resolved     directories: {},
37 silly install resolved     _resolved: 'https://registry.npmjs.org/jasmine-node/-/jasmine-node-1.14.5.tgz',
37 silly install resolved     readme: 'ERROR: No README data found!' } ]
38 info install jasmine-node@1.14.5 into /usr/local/lib
39 info installOne jasmine-node@1.14.5
40 verbose installOne of jasmine-node to /usr/local/lib not in flight; installing
41 verbose correctMkdir /Users/Juan/.npm/_locks correctMkdir not in flight; initializing
42 verbose lock using /Users/Juan/.npm/_locks/jasmine-node-592af5d86773a3f7.lock for /usr/local/lib/node_modules/jasmine-node
43 silly install write writing jasmine-node 1.14.5 to /usr/local/lib/node_modules/jasmine-node
44 verbose unbuild lib/node_modules/jasmine-node
45 silly gentlyRm /usr/local/lib/node_modules/jasmine-node is being purged from base /usr/local
46 verbose gentlyRm don't care about contents; nuking /usr/local/lib/node_modules/jasmine-node
47 verbose tar unpack /Users/Juan/.npm/jasmine-node/1.14.5/package.tgz
48 verbose tar unpacking to /usr/local/lib/node_modules/jasmine-node
49 silly gentlyRm /usr/local/lib/node_modules/jasmine-node is being purged
50 verbose gentlyRm don't care about contents; nuking /usr/local/lib/node_modules/jasmine-node
51 silly gunzTarPerm modes [ '755', '644' ]
52 error tar.unpack untar error /Users/Juan/.npm/jasmine-node/1.14.5/package.tgz
53 verbose unlock done using /Users/Juan/.npm/_locks/jasmine-node-592af5d86773a3f7.lock for /usr/local/lib/node_modules/jasmine-node
54 verbose fstream_path /usr/local/lib/node_modules/jasmine-node
55 verbose fstream_type Directory
56 verbose fstream_class DirWriter
57 verbose stack Error: EACCES: permission denied, mkdir '/usr/local/lib/node_modules/jasmine-node'
57 verbose stack     at Error (native)
58 verbose fstream_stack /usr/local/lib/node_modules/npm/node_modules/fstream/lib/dir-writer.js:35:25
58 verbose fstream_stack /usr/local/lib/node_modules/npm/node_modules/mkdirp/index.js:47:53
58 verbose fstream_stack FSReqWrap.oncomplete (fs.js:82:15)
59 verbose cwd /Users/Juan/.git/Solucion
60 error Darwin 14.3.0
61 error argv "/usr/local/bin/node" "/usr/local/bin/npm" "install" "jasmine-node" "-g"
62 error node v4.6.0
63 error npm  v2.15.9
64 error path /usr/local/lib/node_modules/jasmine-node
65 error code EACCES
66 error errno -13
67 error syscall mkdir
68 error Error: EACCES: permission denied, mkdir '/usr/local/lib/node_modules/jasmine-node'
68 error     at Error (native)
68 error  { [Error: EACCES: permission denied, mkdir '/usr/local/lib/node_modules/jasmine-node']
68 error   errno: -13,
68 error   code: 'EACCES',
68 error   syscall: 'mkdir',
68 error   path: '/usr/local/lib/node_modules/jasmine-node',
68 error   fstream_type: 'Directory',
68 error   fstream_path: '/usr/local/lib/node_modules/jasmine-node',
68 error   fstream_class: 'DirWriter',
68 error   fstream_stack:
68 error    [ '/usr/local/lib/node_modules/npm/node_modules/fstream/lib/dir-writer.js:35:25',
68 error      '/usr/local/lib/node_modules/npm/node_modules/mkdirp/index.js:47:53',
68 error      'FSReqWrap.oncomplete (fs.js:82:15)' ] }
69 error Please try running this command again as root/Administrator.
70 verbose exit [ -13, true ]
71 verbose unbuild lib/node_modules/jasmine-node
72 silly gentlyRm /usr/local/lib/node_modules/jasmine-node is being purged from base /usr/local
73 verbose gentlyRm don't care about contents; nuking /usr/local/lib/node_modules/jasmine-node
